c:\users\adina\kruijssen-adina-itp380-20191\lab05\debug\vc141.pdb
c:\users\adina\kruijssen-adina-itp380-20191\lab05\debug\vc141.idb
c:\users\adina\kruijssen-adina-itp380-20191\lab05\debug\spritecomponent.obj
c:\users\adina\kruijssen-adina-itp380-20191\lab05\debug\spawner.obj
c:\users\adina\kruijssen-adina-itp380-20191\lab05\debug\random.obj
c:\users\adina\kruijssen-adina-itp380-20191\lab05\debug\playermove.obj
c:\users\adina\kruijssen-adina-itp380-20191\lab05\debug\player.obj
c:\users\adina\kruijssen-adina-itp380-20191\lab05\debug\movecomponent.obj
c:\users\adina\kruijssen-adina-itp380-20191\lab05\debug\math.obj
c:\users\adina\kruijssen-adina-itp380-20191\lab05\debug\component.obj
c:\users\adina\kruijssen-adina-itp380-20191\lab05\debug\collisioncomponent.obj
c:\users\adina\kruijssen-adina-itp380-20191\lab05\debug\animatedsprite.obj
c:\users\adina\kruijssen-adina-itp380-20191\lab05\debug\actor.obj
c:\users\adina\kruijssen-adina-itp380-20191\lab05\debug\main.obj
c:\users\adina\kruijssen-adina-itp380-20191\lab05\debug\game.obj
c:\users\adina\kruijssen-adina-itp380-20191\lab05\debug\game.exe
c:\users\adina\kruijssen-adina-itp380-20191\lab05\debug\game.ilk
c:\users\adina\kruijssen-adina-itp380-20191\lab05\debug\game.pdb
c:\users\adina\kruijssen-adina-itp380-20191\lab05\debug\game.tlog\cl.command.1.tlog
c:\users\adina\kruijssen-adina-itp380-20191\lab05\debug\game.tlog\cl.read.1.tlog
c:\users\adina\kruijssen-adina-itp380-20191\lab05\debug\game.tlog\cl.write.1.tlog
c:\users\adina\kruijssen-adina-itp380-20191\lab05\debug\game.tlog\link.command.1.tlog
c:\users\adina\kruijssen-adina-itp380-20191\lab05\debug\game.tlog\link.read.1.tlog
c:\users\adina\kruijssen-adina-itp380-20191\lab05\debug\game.tlog\link.write.1.tlog
